<?xml version="1.0" encoding="UTF-8"?>
<!-- Generated by org.testng.reporters.JUnitXMLReporter -->
<testsuite hostname="LAPTOP-2IFEJBVE" ignored="2" name="Default test" tests="1" failures="0" timestamp="18 Apr 2021 09:25:05 GMT" time="1.418" errors="0">
  <testcase name="addBookUsingJavaObject" time="1.195" classname="com.qa.tests.RestAPITest"/>
  <testcase name="verifyGetCallOnLibraryAPI" time="0.0" classname="com.qa.tests.RestAPITest">
    <ignored/>
  </testcase> <!-- verifyGetCallOnLibraryAPI -->
  <testcase name="addBookUsingHashMap" time="0.0" classname="com.qa.tests.RestAPITest">
    <ignored/>
  </testcase> <!-- addBookUsingHashMap -->
</testsuite> <!-- Default test -->
