<?xml version="1.0" encoding="UTF-8"?>
<testng-results skipped="0" failed="0" ignored="2" total="3" passed="1">
  <reporter-output>
  </reporter-output>
  <suite name="Default suite" duration-ms="1418" started-at="2021-04-18T09:25:03Z" finished-at="2021-04-18T09:25:05Z">
    <groups>
    </groups>
    <test name="Default test" duration-ms="1418" started-at="2021-04-18T09:25:03Z" finished-at="2021-04-18T09:25:05Z">
      <class name="com.qa.tests.RestAPITest">
        <test-method status="PASS" signature="setup()[pri:0, instance:com.qa.tests.RestAPITest@55f3ddb1]" name="setup" is-config="true" duration-ms="208" started-at="2021-04-18T09:25:03Z" finished-at="2021-04-18T09:25:03Z">
          <reporter-output>
          </reporter-output>
        </test-method> <!-- setup -->
        <test-method status="PASS" signature="addBookUsingJavaObject()[pri:0, instance:com.qa.tests.RestAPITest@55f3ddb1]" name="addBookUsingJavaObject" duration-ms="1195" started-at="2021-04-18T09:25:03Z" finished-at="2021-04-18T09:25:05Z">
          <reporter-output>
          </reporter-output>
        </test-method> <!-- addBookUsingJavaObject -->
      </class> <!-- com.qa.tests.RestAPITest -->
    </test> <!-- Default test -->
  </suite> <!-- Default suite -->
</testng-results>
